<?xml version="1.0" encoding="UTF-8"?>
<!-- Generated by org.testng.reporters.JUnitReportReporter -->
<testsuite hostname="DESKTOP-7RJRI28" failures="0" tests="4" name="api.test.UserTest" time="7.705" errors="0" timestamp="2023-06-16T13:15:14 IST" skipped="0">
  <testcase classname="api.test.UserTest" name="testpostuser" time="3.128"/>
  <system-out/>
  <testcase classname="api.test.UserTest" name="testgetuser" time="1.513"/>
  <system-out/>
  <testcase classname="api.test.UserTest" name="testupdateUser" time="1.532"/>
  <system-out/>
  <testcase classname="api.test.UserTest" name="testdeleteUser" time="1.532"/>
  <system-out/>
</testsuite> <!-- api.test.UserTest -->
