<?xml version="1.0" encoding="UTF-8"?>
<!-- Generated by org.testng.reporters.JUnitReportReporter -->
<testsuite hostname="DESKTOP-7RJRI28" failures="0" tests="4" name="api.test.UserTest2" time="8.359" errors="0" timestamp="2023-06-17T13:13:15 IST" skipped="0">
  <testcase classname="api.test.UserTest2" name="testpostuser" time="3.010"/>
  <system-out/>
  <testcase classname="api.test.UserTest2" name="testgetuser" time="1.670"/>
  <system-out/>
  <testcase classname="api.test.UserTest2" name="testupdateUser" time="1.941"/>
  <system-out/>
  <testcase classname="api.test.UserTest2" name="testdeleteUser" time="1.738"/>
  <system-out/>
</testsuite> <!-- api.test.UserTest2 -->
