<?xml version="1.0" encoding="UTF-8"?>
<!-- Generated by org.testng.reporters.JUnitReportReporter -->
<testsuite hostname="DESKTOP-7RJRI28" failures="0" tests="4" name="api.test.UserTest2" time="6.167" errors="0" timestamp="2023-06-17T15:00:42 IST" skipped="0">
  <testcase classname="api.test.UserTest2" name="testpostuser" time="1.534"/>
  <system-out/>
  <testcase classname="api.test.UserTest2" name="testgetuser" time="1.534"/>
  <system-out/>
  <testcase classname="api.test.UserTest2" name="testupdateUser" time="1.521"/>
  <system-out/>
  <testcase classname="api.test.UserTest2" name="testdeleteUser" time="1.578"/>
  <system-out/>
</testsuite> <!-- api.test.UserTest2 -->
