<?xml version="1.0" encoding="UTF-8"?>
<!-- Generated by org.testng.reporters.JUnitReportReporter -->
<testsuite hostname="DESKTOP-7RJRI28" failures="0" tests="4" name="api.test.UserTest" time="8.218" errors="0" timestamp="2023-06-17T15:00:42 IST" skipped="0">
  <testcase classname="api.test.UserTest" name="testpostuser" time="3.511"/>
  <system-out/>
  <testcase classname="api.test.UserTest" name="testgetuser" time="1.638"/>
  <system-out/>
  <testcase classname="api.test.UserTest" name="testupdateUser" time="1.510"/>
  <system-out/>
  <testcase classname="api.test.UserTest" name="testdeleteUser" time="1.559"/>
  <system-out/>
</testsuite> <!-- api.test.UserTest -->
